(0000) 3000  0011000000000000 (   8)                 .ORIG x3000
(3000) 0EA8  0000111010101000 (  10)                 BRNZP BEGIN
(3001) 0048  0000000001001000 (  11) INTRO           .FILL x0048
(3002) 0065  0000000001100101 (  11)                 .FILL x0065
(3003) 006C  0000000001101100 (  11)                 .FILL x006C
(3004) 006C  0000000001101100 (  11)                 .FILL x006C
(3005) 006F  0000000001101111 (  11)                 .FILL x006F
(3006) 002C  0000000000101100 (  11)                 .FILL x002C
(3007) 0020  0000000000100000 (  11)                 .FILL x0020
(3008) 0077  0000000001110111 (  11)                 .FILL x0077
(3009) 0065  0000000001100101 (  11)                 .FILL x0065
(300A) 006C  0000000001101100 (  11)                 .FILL x006C
(300B) 0063  0000000001100011 (  11)                 .FILL x0063
(300C) 006F  0000000001101111 (  11)                 .FILL x006F
(300D) 006D  0000000001101101 (  11)                 .FILL x006D
(300E) 0065  0000000001100101 (  11)                 .FILL x0065
(300F) 0020  0000000000100000 (  11)                 .FILL x0020
(3010) 0074  0000000001110100 (  11)                 .FILL x0074
(3011) 006F  0000000001101111 (  11)                 .FILL x006F
(3012) 0020  0000000000100000 (  11)                 .FILL x0020
(3013) 006D  0000000001101101 (  11)                 .FILL x006D
(3014) 0079  0000000001111001 (  11)                 .FILL x0079
(3015) 0020  0000000000100000 (  11)                 .FILL x0020
(3016) 0043  0000000001000011 (  11)                 .FILL x0043
(3017) 0061  0000000001100001 (  11)                 .FILL x0061
(3018) 0065  0000000001100101 (  11)                 .FILL x0065
(3019) 0073  0000000001110011 (  11)                 .FILL x0073
(301A) 0061  0000000001100001 (  11)                 .FILL x0061
(301B) 0072  0000000001110010 (  11)                 .FILL x0072
(301C) 0020  0000000000100000 (  11)                 .FILL x0020
(301D) 0043  0000000001000011 (  11)                 .FILL x0043
(301E) 0069  0000000001101001 (  11)                 .FILL x0069
(301F) 0070  0000000001110000 (  11)                 .FILL x0070
(3020) 0068  0000000001101000 (  11)                 .FILL x0068
(3021) 0065  0000000001100101 (  11)                 .FILL x0065
(3022) 0072  0000000001110010 (  11)                 .FILL x0072
(3023) 0020  0000000000100000 (  11)                 .FILL x0020
(3024) 0070  0000000001110000 (  11)                 .FILL x0070
(3025) 0072  0000000001110010 (  11)                 .FILL x0072
(3026) 006F  0000000001101111 (  11)                 .FILL x006F
(3027) 0067  0000000001100111 (  11)                 .FILL x0067
(3028) 0072  0000000001110010 (  11)                 .FILL x0072
(3029) 0061  0000000001100001 (  11)                 .FILL x0061
(302A) 006D  0000000001101101 (  11)                 .FILL x006D
(302B) 000A  0000000000001010 (  11)                 .FILL x000A
(302C) 0000  0000000000000000 (  11)                 .FILL x0000
(302D) 000A  0000000000001010 (  12) QUEST1          .FILL x000A
(302E) 0044  0000000001000100 (  12)                 .FILL x0044
(302F) 006F  0000000001101111 (  12)                 .FILL x006F
(3030) 0020  0000000000100000 (  12)                 .FILL x0020
(3031) 0079  0000000001111001 (  12)                 .FILL x0079
(3032) 006F  0000000001101111 (  12)                 .FILL x006F
(3033) 0075  0000000001110101 (  12)                 .FILL x0075
(3034) 0020  0000000000100000 (  12)                 .FILL x0020
(3035) 0077  0000000001110111 (  12)                 .FILL x0077
(3036) 0061  0000000001100001 (  12)                 .FILL x0061
(3037) 006E  0000000001101110 (  12)                 .FILL x006E
(3038) 0074  0000000001110100 (  12)                 .FILL x0074
(3039) 0020  0000000000100000 (  12)                 .FILL x0020
(303A) 0074  0000000001110100 (  12)                 .FILL x0074
(303B) 006F  0000000001101111 (  12)                 .FILL x006F
(303C) 0020  0000000000100000 (  12)                 .FILL x0020
(303D) 0028  0000000000101000 (  12)                 .FILL x0028
(303E) 0045  0000000001000101 (  12)                 .FILL x0045
(303F) 0029  0000000000101001 (  12)                 .FILL x0029
(3040) 006E  0000000001101110 (  12)                 .FILL x006E
(3041) 0063  0000000001100011 (  12)                 .FILL x0063
(3042) 0072  0000000001110010 (  12)                 .FILL x0072
(3043) 0079  0000000001111001 (  12)                 .FILL x0079
(3044) 0070  0000000001110000 (  12)                 .FILL x0070
(3045) 0074  0000000001110100 (  12)                 .FILL x0074
(3046) 0020  0000000000100000 (  12)                 .FILL x0020
(3047) 006F  0000000001101111 (  12)                 .FILL x006F
(3048) 0072  0000000001110010 (  12)                 .FILL x0072
(3049) 0020  0000000000100000 (  12)                 .FILL x0020
(304A) 0028  0000000000101000 (  12)                 .FILL x0028
(304B) 0044  0000000001000100 (  12)                 .FILL x0044
(304C) 0029  0000000000101001 (  12)                 .FILL x0029
(304D) 0065  0000000001100101 (  12)                 .FILL x0065
(304E) 0063  0000000001100011 (  12)                 .FILL x0063
(304F) 0072  0000000001110010 (  12)                 .FILL x0072
(3050) 0079  0000000001111001 (  12)                 .FILL x0079
(3051) 0070  0000000001110000 (  12)                 .FILL x0070
(3052) 0074  0000000001110100 (  12)                 .FILL x0074
(3053) 0020  0000000000100000 (  12)                 .FILL x0020
(3054) 006F  0000000001101111 (  12)                 .FILL x006F
(3055) 0072  0000000001110010 (  12)                 .FILL x0072
(3056) 0020  0000000000100000 (  12)                 .FILL x0020
(3057) 0065  0000000001100101 (  12)                 .FILL x0065
(3058) 0028  0000000000101000 (  12)                 .FILL x0028
(3059) 0058  0000000001011000 (  12)                 .FILL x0058
(305A) 0029  0000000000101001 (  12)                 .FILL x0029
(305B) 0069  0000000001101001 (  12)                 .FILL x0069
(305C) 0074  0000000001110100 (  12)                 .FILL x0074
(305D) 003F  0000000000111111 (  12)                 .FILL x003F
(305E) 000A  0000000000001010 (  12)                 .FILL x000A
(305F) 0000  0000000000000000 (  12)                 .FILL x0000
(3060) 000A  0000000000001010 (  13) QUEST2          .FILL x000A
(3061) 0057  0000000001010111 (  13)                 .FILL x0057
(3062) 0068  0000000001101000 (  13)                 .FILL x0068
(3063) 0061  0000000001100001 (  13)                 .FILL x0061
(3064) 0074  0000000001110100 (  13)                 .FILL x0074
(3065) 0020  0000000000100000 (  13)                 .FILL x0020
(3066) 0069  0000000001101001 (  13)                 .FILL x0069
(3067) 0073  0000000001110011 (  13)                 .FILL x0073
(3068) 0020  0000000000100000 (  13)                 .FILL x0020
(3069) 0074  0000000001110100 (  13)                 .FILL x0074
(306A) 0068  0000000001101000 (  13)                 .FILL x0068
(306B) 0065  0000000001100101 (  13)                 .FILL x0065
(306C) 0020  0000000000100000 (  13)                 .FILL x0020
(306D) 0063  0000000001100011 (  13)                 .FILL x0063
(306E) 0069  0000000001101001 (  13)                 .FILL x0069
(306F) 0070  0000000001110000 (  13)                 .FILL x0070
(3070) 0068  0000000001101000 (  13)                 .FILL x0068
(3071) 0065  0000000001100101 (  13)                 .FILL x0065
(3072) 0072  0000000001110010 (  13)                 .FILL x0072
(3073) 0028  0000000000101000 (  13)                 .FILL x0028
(3074) 0031  0000000000110001 (  13)                 .FILL x0031
(3075) 002D  0000000000101101 (  13)                 .FILL x002D
(3076) 0032  0000000000110010 (  13)                 .FILL x0032
(3077) 0035  0000000000110101 (  13)                 .FILL x0035
(3078) 0029  0000000000101001 (  13)                 .FILL x0029
(3079) 003F  0000000000111111 (  13)                 .FILL x003F
(307A) 000A  0000000000001010 (  13)                 .FILL x000A
(307B) 0000  0000000000000000 (  13)                 .FILL x0000
(307C) 000A  0000000000001010 (  14) QUEST3          .FILL x000A
(307D) 0057  0000000001010111 (  14)                 .FILL x0057
(307E) 0068  0000000001101000 (  14)                 .FILL x0068
(307F) 0061  0000000001100001 (  14)                 .FILL x0061
(3080) 0074  0000000001110100 (  14)                 .FILL x0074
(3081) 0020  0000000000100000 (  14)                 .FILL x0020
(3082) 0069  0000000001101001 (  14)                 .FILL x0069
(3083) 0073  0000000001110011 (  14)                 .FILL x0073
(3084) 0020  0000000000100000 (  14)                 .FILL x0020
(3085) 0074  0000000001110100 (  14)                 .FILL x0074
(3086) 0068  0000000001101000 (  14)                 .FILL x0068
(3087) 0065  0000000001100101 (  14)                 .FILL x0065
(3088) 0020  0000000000100000 (  14)                 .FILL x0020
(3089) 0073  0000000001110011 (  14)                 .FILL x0073
(308A) 0074  0000000001110100 (  14)                 .FILL x0074
(308B) 0072  0000000001110010 (  14)                 .FILL x0072
(308C) 0069  0000000001101001 (  14)                 .FILL x0069
(308D) 006E  0000000001101110 (  14)                 .FILL x006E
(308E) 0067  0000000001100111 (  14)                 .FILL x0067
(308F) 0020  0000000000100000 (  14)                 .FILL x0020
(3090) 0028  0000000000101000 (  14)                 .FILL x0028
(3091) 0075  0000000001110101 (  14)                 .FILL x0075
(3092) 0070  0000000001110000 (  14)                 .FILL x0070
(3093) 0020  0000000000100000 (  14)                 .FILL x0020
(3094) 0074  0000000001110100 (  14)                 .FILL x0074
(3095) 006F  0000000001101111 (  14)                 .FILL x006F
(3096) 0020  0000000000100000 (  14)                 .FILL x0020
(3097) 0032  0000000000110010 (  14)                 .FILL x0032
(3098) 0030  0000000000110000 (  14)                 .FILL x0030
(3099) 0030  0000000000110000 (  14)                 .FILL x0030
(309A) 0020  0000000000100000 (  14)                 .FILL x0020
(309B) 0043  0000000001000011 (  14)                 .FILL x0043
(309C) 0068  0000000001101000 (  14)                 .FILL x0068
(309D) 0061  0000000001100001 (  14)                 .FILL x0061
(309E) 0072  0000000001110010 (  14)                 .FILL x0072
(309F) 0061  0000000001100001 (  14)                 .FILL x0061
(30A0) 0063  0000000001100011 (  14)                 .FILL x0063
(30A1) 0074  0000000001110100 (  14)                 .FILL x0074
(30A2) 0065  0000000001100101 (  14)                 .FILL x0065
(30A3) 0072  0000000001110010 (  14)                 .FILL x0072
(30A4) 0073  0000000001110011 (  14)                 .FILL x0073
(30A5) 0029  0000000000101001 (  14)                 .FILL x0029
(30A6) 003F  0000000000111111 (  14)                 .FILL x003F
(30A7) 000A  0000000000001010 (  14)                 .FILL x000A
(30A8) 0000  0000000000000000 (  14)                 .FILL x0000
(30A9) 5020  0101000000100000 (  17) BEGIN           AND   R0 R0 #0
(30AA) 5260  0101001001100000 (  18)                 AND   R1 R1 #0
(30AB) 54A0  0101010010100000 (  19)                 AND   R2 R2 #0
(30AC) 56E0  0101011011100000 (  20)                 AND   R3 R3 #0
(30AD) 5920  0101100100100000 (  21)                 AND   R4 R4 #0
(30AE) 5B60  0101101101100000 (  22)                 AND   R5 R5 #0
(30AF) 5DA0  0101110110100000 (  23)                 AND   R6 R6 #0
(30B0) E150  1110000101010000 (  25)                 LEA   R0 INTRO
(30B1) F022  1111000000100010 (  26)                 TRAP  x22
(30B2) 5020  0101000000100000 (  29) LOOP1           AND   R0 R0 #0
(30B3) 5260  0101001001100000 (  30)                 AND   R1 R1 #0
(30B4) 54A0  0101010010100000 (  31)                 AND   R2 R2 #0
(30B5) 56E0  0101011011100000 (  32)                 AND   R3 R3 #0
(30B6) 5920  0101100100100000 (  33)                 AND   R4 R4 #0
(30B7) 5B60  0101101101100000 (  34)                 AND   R5 R5 #0
(30B8) 5DA0  0101110110100000 (  35)                 AND   R6 R6 #0
(30B9) 32CC  0011001011001100 (  37)                 ST    R1 int
(30BA) 32CC  0011001011001100 (  38)                 ST    R1 flag
(30BB) 32CC  0011001011001100 (  39)                 ST    R1 flag2
(30BC) 32CC  0011001011001100 (  40)                 ST    R1 cipher
(30BD) 22D3  0010001011010011 (  42)                 LD    R1 shift1
(30BE) 1241  0001001001000001 (  43)                 ADD   R1 R1 R1
(30BF) E6DD  1110011011011101 (  45)                 LEA   R3 ARRAY
(30C0) 0404  0000010000000100 (  48) CONTLOOP        BRZ   CONT
(30C1) 74C0  0111010011000000 (  50)                 STR   R2 R3 #0
(30C2) 16E1  0001011011100001 (  52)                 ADD   R3 R3 #1
(30C3) 127F  0001001001111111 (  53)                 ADD   R1 R1 #-1
(30C4) 0FFB  0000111111111011 (  55)                 BRNZP CONTLOOP
(30C5) E167  1110000101100111 (  58) CONT            LEA   R0 QUEST1
(30C6) F022  1111000000100010 (  59)                 TRAP  x22
(30C7) F020  1111000000100000 (  61)                 TRAP  x20
(30C8) F021  1111000000100001 (  62)                 TRAP  x21
(30C9) 22B8  0010001010111000 (  64)                 LD    R1 fillE
(30CA) 1201  0001001000000001 (  65)                 ADD   R1 R0 R1
(30CB) 0A04  0000101000000100 (  67)                 BRNP  CONT2
(30CC) 2CBA  0010110010111010 (  69)                 LD    R6 flag
(30CD) 1DA1  0001110110100001 (  70)                 ADD   R6 R6 #1
(30CE) 3CB8  0011110010111000 (  71)                 ST    R6 flag
(30CF) 0E09  0000111000001001 (  73)                 BRNZP NEXTQ
(30D0) 22B3  0010001010110011 (  76) CONT2           LD    R1 D
(30D1) 1201  0001001000000001 (  77)                 ADD   R1 R0 R1
(30D2) 0406  0000010000000110 (  79)                 BRZ   NEXTQ
(30D3) 22AF  0010001010101111 (  81)                 LD    R1 X
(30D4) 1201  0001001000000001 (  82)                 ADD   R1 R0 R1
(30D5) 0BDC  0000101111011100 (  84)                 BRNP  LOOP1
(30D6) E0BB  1110000010111011 (  86)                 LEA   R0 END
(30D7) F022  1111000000100010 (  87)                 TRAP  x22
(30D8) F025  1111000000100101 (  90) FINISH          TRAP  x25
(30D9) E186  1110000110000110 (  94) NEXTQ           LEA   R0 QUEST2
(30DA) F022  1111000000100010 (  95)                 TRAP  x22
(30DB) F020  1111000000100000 (  98) LF1             TRAP  x20
(30DC) F021  1111000000100001 (  99)                 TRAP  x21
(30DD) 22A3  0010001010100011 ( 101)                 LD    R1 CHECKLF
(30DE) 1201  0001001000000001 ( 102)                 ADD   R1 R0 R1
(30DF) 0A0B  0000101000001011 ( 104)                 BRNP  SCyph
(30E0) E19B  1110000110011011 ( 106)                 LEA   R0 QUEST3
(30E1) F022  1111000000100010 ( 107)                 TRAP  x22
(30E2) E6BA  1110011010111010 ( 109)                 LEA   R3 ARRAY
(30E3) F020  1111000000100000 ( 112) LF2             TRAP  x20
(30E4) F021  1111000000100001 ( 113)                 TRAP  x21
(30E5) 229B  0010001010011011 ( 115)                 LD    R1 CHECKLF
(30E6) 1201  0001001000000001 ( 116)                 ADD   R1 R0 R1
(30E7) 0A10  0000101000010000 ( 118)                 BRNP  SStng
(30E8) 249E  0010010010011110 ( 120)                 LD    R2 flag
(30E9) 0211  0000001000010001 ( 122)                 BRP   ENCRYPT
(30EA) 0456  0000010001010110 ( 123)                 BRZ   DECRYPT
(30EB) 2499  0010010010011001 ( 128) SCyph           LD    R2 CHARDIGIT
(30EC) 1202  0001001000000010 ( 129)                 ADD   R1 R0 R2
(30ED) 2698  0010011010011000 ( 131)                 LD    R3 int
(30EE) 5920  0101100100100000 ( 132)                 AND   R4 R4 #0
(30EF) 1929  0001100100101001 ( 133)                 ADD   R4 R4 #9
(30F0) 1AC5  0001101011000101 ( 137) FOR             ADD   R5 R3 R5
(30F1) 193F  0001100100111111 ( 138)                 ADD   R4 R4 #-1
(30F2) 0401  0000010000000001 ( 140)                 BRZ   endFOR
(30F3) 0FFC  0000111111111100 ( 141)                 BRNZP FOR
(30F4) 1B41  0001101101000001 ( 144) endFOR          ADD   R5 R5 R1
(30F5) 3A90  0011101010010000 ( 145)                 ST    R5 int
(30F6) 3A92  0011101010010010 ( 146)                 ST    R5 cipher
(30F7) 0FE3  0000111111100011 ( 148)                 BRNZP LF1
(30F8) 70C0  0111000011000000 ( 153) SStng           STR   R0 R3 #0
(30F9) 16E1  0001011011100001 ( 154)                 ADD   R3 R3 #1
(30FA) 0FE8  0000111111101000 ( 156)                 BRNZP LF2
(30FB) E6A1  1110011010100001 ( 159) ENCRYPT         LEA   R3 ARRAY
(30FC) 2894  0010100010010100 ( 160)                 LD    R4 shift1
(30FD) 18C4  0001100011000100 ( 161)                 ADD   R4 R3 R4
(30FE) 60C0  0110000011000000 ( 165) EncLOOP         LDR   R0 R3 #0
(30FF) 0478  0000010001111000 ( 166)                 BRZ   PRINT
(3100) 248A  0010010010001010 ( 168)                 LD    R2 A
(3101) 1202  0001001000000010 ( 169)                 ADD   R1 R0 R2
(3102) 0201  0000001000000001 ( 171)                 BRP   EncUPPER
(3103) 0E03  0000111000000011 ( 172)                 BRNZP STORENOT1
(3104) 2488  0010010010001000 ( 175) EncUPPER        LD    R2 Z
(3105) 1202  0001001000000010 ( 176)                 ADD   R1 R0 R2
(3106) 0808  0000100000001000 ( 178)                 BRN   UPPER1
(3107) 2486  0010010010000110 ( 181) STORENOT1       LD    R2 a
(3108) 1202  0001001000000010 ( 182)                 ADD   R1 R0 R2
(3109) 0202  0000001000000010 ( 184)                 BRP   EncLOWER
(310A) 4822  0100100000100010 ( 186)                 JSR   STOREARRAY
(310B) 0FF2  0000111111110010 ( 188)                 BRNZP EncLOOP
(310C) 2483  0010010010000011 ( 191) EncLOWER        LD    R2 z
(310D) 1202  0001001000000010 ( 192)                 ADD   R1 R0 R2
(310E) 0804  0000100000000100 ( 194)                 BRN   LOWER1
(310F) 5DA0  0101110110100000 ( 197) UPPER1          AND   R6 R6 #0
(3110) 1DA1  0001110110100001 ( 198)                 ADD   R6 R6 #1
(3111) 3C76  0011110001110110 ( 199)                 ST    R6 flag2
(3112) 0E02  0000111000000010 ( 201)                 BRNZP DECISION
(3113) 5260  0101001001100000 ( 204) LOWER1          AND   R1 R1 #0
(3114) 3273  0011001001110011 ( 205)                 ST    R1 flag2
(3115) 2C72  0010110001110010 ( 208) DECISION        LD    R6 flag2
(3116) 0C02  0000110000000010 ( 209)                 BRNZ  EDLoop1
(3117) 4819  0100100000011001 ( 210)                 JSR   UPPERM
(3118) 0E02  0000111000000010 ( 212)                 BRNZP ENC
(3119) 481A  0100100000011010 ( 215) EDLoop1         JSR   LOWERM
(311A) 0E00  0000111000000000 ( 217)                 BRNZP ENC
(311B) 246D  0010010001101101 ( 220) ENC             LD    R2 cipher
(311C) 1080  0001000010000000 ( 221)                 ADD   R0 R2 R0
(311D) 246C  0010010001101100 ( 222)                 LD    R2 value1
(311E) 1020  0001000000100000 ( 223)                 ADD   R0 R0 #0
(311F) 0802  0000100000000010 ( 226) ELoop1          BRN   EXIT
(3120) 1002  0001000000000010 ( 227)                 ADD   R0 R0 R2
(3121) 0FFD  0000111111111101 ( 229)                 BRNZP ELoop1
(3122) 94BF  1001010010111111 ( 232) EXIT            NOT   R2 R2
(3123) 14A1  0001010010100001 ( 233)                 ADD   R2 R2 #1
(3124) 1080  0001000010000000 ( 234)                 ADD   R0 R2 R0
(3125) 2262  0010001001100010 ( 236)                 LD    R1 flag2
(3126) 0C03  0000110000000011 ( 237)                 BRNZ  REFER1
(3127) 480F  0100100000001111 ( 238)                 JSR   UPPERA
(3128) 4804  0100100000000100 ( 239)                 JSR   STOREARRAY
(3129) 0FD4  0000111111010100 ( 240)                 BRNZP EncLOOP
(312A) 4811  0100100000010001 ( 243) REFER1          JSR   LOWERA
(312B) 4801  0100100000000001 ( 244)                 JSR   STOREARRAY
(312C) 0FD1  0000111111010001 ( 246)                 BRNZP EncLOOP
(312D) 7100  0111000100000000 ( 249) STOREARRAY      STR   R0 R4 #0
(312E) 16E1  0001011011100001 ( 250)                 ADD   R3 R3 #1
(312F) 1921  0001100100100001 ( 251)                 ADD   R4 R4 #1
(3130) C1C0  1100000111000000 ( 253)                 RET   
(3131) 225A  0010001001011010 ( 256) UPPERM          LD    R1 A2
(3132) 1040  0001000001000000 ( 257)                 ADD   R0 R1 R0
(3133) C1C0  1100000111000000 ( 259)                 RET   
(3134) 225A  0010001001011010 ( 262) LOWERM          LD    R1 a2
(3135) 1040  0001000001000000 ( 263)                 ADD   R0 R1 R0
(3136) C1C0  1100000111000000 ( 265)                 RET   
(3137) 2254  0010001001010100 ( 268) UPPERA          LD    R1 A2
(3138) 927F  1001001001111111 ( 269)                 NOT   R1 R1
(3139) 1261  0001001001100001 ( 270)                 ADD   R1 R1 #1
(313A) 1040  0001000001000000 ( 271)                 ADD   R0 R1 R0
(313B) C1C0  1100000111000000 ( 273)                 RET   
(313C) 2252  0010001001010010 ( 276) LOWERA          LD    R1 a2
(313D) 927F  1001001001111111 ( 277)                 NOT   R1 R1
(313E) 1261  0001001001100001 ( 278)                 ADD   R1 R1 #1
(313F) 1040  0001000001000000 ( 279)                 ADD   R0 R1 R0
(3140) C1C0  1100000111000000 ( 281)                 RET   
(3141) E65B  1110011001011011 ( 284) DECRYPT         LEA   R3 ARRAY
(3142) 284E  0010100001001110 ( 285)                 LD    R4 shift1
(3143) 18C4  0001100011000100 ( 286)                 ADD   R4 R3 R4
(3144) 60C0  0110000011000000 ( 290) DecLOOP         LDR   R0 R3 #0
(3145) 0432  0000010000110010 ( 291)                 BRZ   PRINT
(3146) 2444  0010010001000100 ( 293)                 LD    R2 A
(3147) 1202  0001001000000010 ( 294)                 ADD   R1 R0 R2
(3148) 0201  0000001000000001 ( 296)                 BRP   DecUPPER
(3149) 0E03  0000111000000011 ( 297)                 BRNZP STORENOT2
(314A) 2442  0010010001000010 ( 300) DecUPPER        LD    R2 Z
(314B) 1202  0001001000000010 ( 301)                 ADD   R1 R0 R2
(314C) 0808  0000100000001000 ( 303)                 BRN   UPPER2
(314D) 2440  0010010001000000 ( 306) STORENOT2       LD    R2 a
(314E) 1202  0001001000000010 ( 307)                 ADD   R1 R0 R2
(314F) 0202  0000001000000010 ( 309)                 BRP   DecLOWER
(3150) 4FDC  0100111111011100 ( 311)                 JSR   STOREARRAY
(3151) 0FF2  0000111111110010 ( 313)                 BRNZP DecLOOP
(3152) 243D  0010010000111101 ( 316) DecLOWER        LD    R2 z
(3153) 1202  0001001000000010 ( 317)                 ADD   R1 R0 R2
(3154) 0808  0000100000001000 ( 319)                 BRN   LOWER2
(3155) 5DA0  0101110110100000 ( 322) UPPER2          AND   R6 R6 #0
(3156) 1DA1  0001110110100001 ( 323)                 ADD   R6 R6 #1
(3157) 3C30  0011110000110000 ( 324)                 ST    R6 flag2
(3158) 0E06  0000111000000110 ( 325)                 BRNZP DECISION2
(3159) E041  1110000001000001 ( 327)                 LEA   R0 NL
(315A) F022  1111000000100010 ( 328)                 TRAP  x22
(315B) E03F  1110000000111111 ( 329)                 LEA   R0 NL
(315C) F022  1111000000100010 ( 330)                 TRAP  x22
(315D) 5260  0101001001100000 ( 333) LOWER2          AND   R1 R1 #0
(315E) 3229  0011001000101001 ( 334)                 ST    R1 flag2
(315F) 2C28  0010110000101000 ( 337) DECISION2       LD    R6 flag2
(3160) 0C02  0000110000000010 ( 339)                 BRNZ  EDLoop2
(3161) 4FCF  0100111111001111 ( 341)                 JSR   UPPERM
(3162) 0E01  0000111000000001 ( 343)                 BRNZP DEC
(3163) 4FD0  0100111111010000 ( 346) EDLoop2         JSR   LOWERM
(3164) 2424  0010010000100100 ( 349) DEC             LD    R2 cipher
(3165) 94BF  1001010010111111 ( 350)                 NOT   R2 R2
(3166) 14A1  0001010010100001 ( 351)                 ADD   R2 R2 #1
(3167) 1080  0001000010000000 ( 352)                 ADD   R0 R2 R0
(3168) 2421  0010010000100001 ( 353)                 LD    R2 value1
(3169) 1020  0001000000100000 ( 354)                 ADD   R0 R0 #0
(316A) 0802  0000100000000010 ( 357) DLoop1          BRN   EXIT2
(316B) 1002  0001000000000010 ( 359)                 ADD   R0 R0 R2
(316C) 0FFD  0000111111111101 ( 361)                 BRNZP DLoop1
(316D) 94BF  1001010010111111 ( 364) EXIT2           NOT   R2 R2
(316E) 14A1  0001010010100001 ( 365)                 ADD   R2 R2 #1
(316F) 1080  0001000010000000 ( 366)                 ADD   R0 R2 R0
(3170) 2217  0010001000010111 ( 368)                 LD    R1 flag2
(3171) 0C03  0000110000000011 ( 370)                 BRNZ  REFER2
(3172) 4FC4  0100111111000100 ( 372)                 JSR   UPPERA
(3173) 4FB9  0100111110111001 ( 373)                 JSR   STOREARRAY
(3174) 0FCF  0000111111001111 ( 375)                 BRNZP DecLOOP
(3175) 4FC6  0100111111000110 ( 378) REFER2          JSR   LOWERA
(3176) 4FB6  0100111110110110 ( 379)                 JSR   STOREARRAY
(3177) 0FCC  0000111111001100 ( 380)                 BRNZP DecLOOP
(3178) E024  1110000000100100 ( 383) PRINT           LEA   R0 ARRAY
(3179) F022  1111000000100010 ( 384)                 TRAP  x22
(317A) E020  1110000000100000 ( 385)                 LEA   R0 NL
(317B) F022  1111000000100010 ( 386)                 TRAP  x22
(317C) E020  1110000000100000 ( 387)                 LEA   R0 ARRAY
(317D) 2213  0010001000010011 ( 388)                 LD    R1 shift1
(317E) 1001  0001000000000001 ( 389)                 ADD   R0 R0 R1
(317F) F022  1111000000100010 ( 390)                 TRAP  x22
(3180) 0F31  0000111100110001 ( 391)                 BRNZP LOOP1
(3181) FFF6  1111111111110110 ( 397) CHECKLF         .FILL xFFF6
(3182) FFBB  1111111110111011 ( 398) fillE           .FILL xFFBB
(3183) FFA8  1111111110101000 ( 399) X               .FILL xFFA8
(3184) FFBC  1111111110111100 ( 400) D               .FILL xFFBC
(3185) FFD0  1111111111010000 ( 402) CHARDIGIT       .FILL xFFD0
(3186) 0000  0000000000000000 ( 403) int             .FILL x0000
(3187) 0000  0000000000000000 ( 404) flag            .FILL x0000
(3188) 0000  0000000000000000 ( 405) flag2           .FILL x0000
(3189) 0000  0000000000000000 ( 406) cipher          .FILL x0000
(318A) FFE6  1111111111100110 ( 407) value1          .FILL xFFE6
(318B) FFC0  1111111111000000 ( 408) A               .FILL xFFC0
(318C) FFBF  1111111110111111 ( 409) A2              .FILL xFFBF
(318D) FFA5  1111111110100101 ( 410) Z               .FILL xFFA5
(318E) FFA0  1111111110100000 ( 411) a               .FILL xFFA0
(318F) FF9F  1111111110011111 ( 412) a2              .FILL xFF9F
(3190) FF85  1111111110000101 ( 413) z               .FILL xFF85
(3191) 00C8  0000000011001000 ( 414) shift1          .FILL x00C8
(3192) 000A  0000000000001010 ( 415) END             .FILL x000A
(3193) 0047  0000000001000111 ( 415)                 .FILL x0047
(3194) 006F  0000000001101111 ( 415)                 .FILL x006F
(3195) 006F  0000000001101111 ( 415)                 .FILL x006F
(3196) 0064  0000000001100100 ( 415)                 .FILL x0064
(3197) 0062  0000000001100010 ( 415)                 .FILL x0062
(3198) 0079  0000000001111001 ( 415)                 .FILL x0079
(3199) 0065  0000000001100101 ( 415)                 .FILL x0065
(319A) 0000  0000000000000000 ( 415)                 .FILL x0000
(319B) 000A  0000000000001010 ( 417) NL              .FILL x000A
(319C) 0000  0000000000000000 ( 417)                 .FILL x0000
(319D) 0000  0000000000000000 ( 418) ARRAY           .FILL x0000
(319E) 0000  0000000000000000 ( 418)                 .FILL x0000
(319F) 0000  0000000000000000 ( 418)                 .FILL x0000
(31A0) 0000  0000000000000000 ( 418)                 .FILL x0000
(31A1) 0000  0000000000000000 ( 418)                 .FILL x0000
(31A2) 0000  0000000000000000 ( 418)                 .FILL x0000
(31A3) 0000  0000000000000000 ( 418)                 .FILL x0000
(31A4) 0000  0000000000000000 ( 418)                 .FILL x0000
(31A5) 0000  0000000000000000 ( 418)                 .FILL x0000
(31A6) 0000  0000000000000000 ( 418)                 .FILL x0000
(31A7) 0000  0000000000000000 ( 418)                 .FILL x0000
(31A8) 0000  0000000000000000 ( 418)                 .FILL x0000
(31A9) 0000  0000000000000000 ( 418)                 .FILL x0000
(31AA) 0000  0000000000000000 ( 418)                 .FILL x0000
(31AB) 0000  0000000000000000 ( 418)                 .FILL x0000
(31AC) 0000  0000000000000000 ( 418)                 .FILL x0000
(31AD) 0000  0000000000000000 ( 418)                 .FILL x0000
(31AE) 0000  0000000000000000 ( 418)                 .FILL x0000
(31AF) 0000  0000000000000000 ( 418)                 .FILL x0000
(31B0) 0000  0000000000000000 ( 418)                 .FILL x0000
(31B1) 0000  0000000000000000 ( 418)                 .FILL x0000
(31B2) 0000  0000000000000000 ( 418)                 .FILL x0000
(31B3) 0000  0000000000000000 ( 418)                 .FILL x0000
(31B4) 0000  0000000000000000 ( 418)                 .FILL x0000
(31B5) 0000  0000000000000000 ( 418)                 .FILL x0000
(31B6) 0000  0000000000000000 ( 418)                 .FILL x0000
(31B7) 0000  0000000000000000 ( 418)                 .FILL x0000
(31B8) 0000  0000000000000000 ( 418)                 .FILL x0000
(31B9) 0000  0000000000000000 ( 418)                 .FILL x0000
(31BA) 0000  0000000000000000 ( 418)                 .FILL x0000
(31BB) 0000  0000000000000000 ( 418)                 .FILL x0000
(31BC) 0000  0000000000000000 ( 418)                 .FILL x0000
(31BD) 0000  0000000000000000 ( 418)                 .FILL x0000
(31BE) 0000  0000000000000000 ( 418)                 .FILL x0000
(31BF) 0000  0000000000000000 ( 418)                 .FILL x0000
(31C0) 0000  0000000000000000 ( 418)                 .FILL x0000
(31C1) 0000  0000000000000000 ( 418)                 .FILL x0000
(31C2) 0000  0000000000000000 ( 418)                 .FILL x0000
(31C3) 0000  0000000000000000 ( 418)                 .FILL x0000
(31C4) 0000  0000000000000000 ( 418)                 .FILL x0000
(31C5) 0000  0000000000000000 ( 418)                 .FILL x0000
(31C6) 0000  0000000000000000 ( 418)                 .FILL x0000
(31C7) 0000  0000000000000000 ( 418)                 .FILL x0000
(31C8) 0000  0000000000000000 ( 418)                 .FILL x0000
(31C9) 0000  0000000000000000 ( 418)                 .FILL x0000
(31CA) 0000  0000000000000000 ( 418)                 .FILL x0000
(31CB) 0000  0000000000000000 ( 418)                 .FILL x0000
(31CC) 0000  0000000000000000 ( 418)                 .FILL x0000
(31CD) 0000  0000000000000000 ( 418)                 .FILL x0000
(31CE) 0000  0000000000000000 ( 418)                 .FILL x0000
(31CF) 0000  0000000000000000 ( 418)                 .FILL x0000
(31D0) 0000  0000000000000000 ( 418)                 .FILL x0000
(31D1) 0000  0000000000000000 ( 418)                 .FILL x0000
(31D2) 0000  0000000000000000 ( 418)                 .FILL x0000
(31D3) 0000  0000000000000000 ( 418)                 .FILL x0000
(31D4) 0000  0000000000000000 ( 418)                 .FILL x0000
(31D5) 0000  0000000000000000 ( 418)                 .FILL x0000
(31D6) 0000  0000000000000000 ( 418)                 .FILL x0000
(31D7) 0000  0000000000000000 ( 418)                 .FILL x0000
(31D8) 0000  0000000000000000 ( 418)                 .FILL x0000
(31D9) 0000  0000000000000000 ( 418)                 .FILL x0000
(31DA) 0000  0000000000000000 ( 418)                 .FILL x0000
(31DB) 0000  0000000000000000 ( 418)                 .FILL x0000
(31DC) 0000  0000000000000000 ( 418)                 .FILL x0000
(31DD) 0000  0000000000000000 ( 418)                 .FILL x0000
(31DE) 0000  0000000000000000 ( 418)                 .FILL x0000
(31DF) 0000  0000000000000000 ( 418)                 .FILL x0000
(31E0) 0000  0000000000000000 ( 418)                 .FILL x0000
(31E1) 0000  0000000000000000 ( 418)                 .FILL x0000
(31E2) 0000  0000000000000000 ( 418)                 .FILL x0000
(31E3) 0000  0000000000000000 ( 418)                 .FILL x0000
(31E4) 0000  0000000000000000 ( 418)                 .FILL x0000
(31E5) 0000  0000000000000000 ( 418)                 .FILL x0000
(31E6) 0000  0000000000000000 ( 418)                 .FILL x0000
(31E7) 0000  0000000000000000 ( 418)                 .FILL x0000
(31E8) 0000  0000000000000000 ( 418)                 .FILL x0000
(31E9) 0000  0000000000000000 ( 418)                 .FILL x0000
(31EA) 0000  0000000000000000 ( 418)                 .FILL x0000
(31EB) 0000  0000000000000000 ( 418)                 .FILL x0000
(31EC) 0000  0000000000000000 ( 418)                 .FILL x0000
(31ED) 0000  0000000000000000 ( 418)                 .FILL x0000
(31EE) 0000  0000000000000000 ( 418)                 .FILL x0000
(31EF) 0000  0000000000000000 ( 418)                 .FILL x0000
(31F0) 0000  0000000000000000 ( 418)                 .FILL x0000
(31F1) 0000  0000000000000000 ( 418)                 .FILL x0000
(31F2) 0000  0000000000000000 ( 418)                 .FILL x0000
(31F3) 0000  0000000000000000 ( 418)                 .FILL x0000
(31F4) 0000  0000000000000000 ( 418)                 .FILL x0000
(31F5) 0000  0000000000000000 ( 418)                 .FILL x0000
(31F6) 0000  0000000000000000 ( 418)                 .FILL x0000
(31F7) 0000  0000000000000000 ( 418)                 .FILL x0000
(31F8) 0000  0000000000000000 ( 418)                 .FILL x0000
(31F9) 0000  0000000000000000 ( 418)                 .FILL x0000
(31FA) 0000  0000000000000000 ( 418)                 .FILL x0000
(31FB) 0000  0000000000000000 ( 418)                 .FILL x0000
(31FC) 0000  0000000000000000 ( 418)                 .FILL x0000
(31FD) 0000  0000000000000000 ( 418)                 .FILL x0000
(31FE) 0000  0000000000000000 ( 418)                 .FILL x0000
(31FF) 0000  0000000000000000 ( 418)                 .FILL x0000
(3200) 0000  0000000000000000 ( 418)                 .FILL x0000
(3201) 0000  0000000000000000 ( 418)                 .FILL x0000
(3202) 0000  0000000000000000 ( 418)                 .FILL x0000
(3203) 0000  0000000000000000 ( 418)                 .FILL x0000
(3204) 0000  0000000000000000 ( 418)                 .FILL x0000
(3205) 0000  0000000000000000 ( 418)                 .FILL x0000
(3206) 0000  0000000000000000 ( 418)                 .FILL x0000
(3207) 0000  0000000000000000 ( 418)                 .FILL x0000
(3208) 0000  0000000000000000 ( 418)                 .FILL x0000
(3209) 0000  0000000000000000 ( 418)                 .FILL x0000
(320A) 0000  0000000000000000 ( 418)                 .FILL x0000
(320B) 0000  0000000000000000 ( 418)                 .FILL x0000
(320C) 0000  0000000000000000 ( 418)                 .FILL x0000
(320D) 0000  0000000000000000 ( 418)                 .FILL x0000
(320E) 0000  0000000000000000 ( 418)                 .FILL x0000
(320F) 0000  0000000000000000 ( 418)                 .FILL x0000
(3210) 0000  0000000000000000 ( 418)                 .FILL x0000
(3211) 0000  0000000000000000 ( 418)                 .FILL x0000
(3212) 0000  0000000000000000 ( 418)                 .FILL x0000
(3213) 0000  0000000000000000 ( 418)                 .FILL x0000
(3214) 0000  0000000000000000 ( 418)                 .FILL x0000
(3215) 0000  0000000000000000 ( 418)                 .FILL x0000
(3216) 0000  0000000000000000 ( 418)                 .FILL x0000
(3217) 0000  0000000000000000 ( 418)                 .FILL x0000
(3218) 0000  0000000000000000 ( 418)                 .FILL x0000
(3219) 0000  0000000000000000 ( 418)                 .FILL x0000
(321A) 0000  0000000000000000 ( 418)                 .FILL x0000
(321B) 0000  0000000000000000 ( 418)                 .FILL x0000
(321C) 0000  0000000000000000 ( 418)                 .FILL x0000
(321D) 0000  0000000000000000 ( 418)                 .FILL x0000
(321E) 0000  0000000000000000 ( 418)                 .FILL x0000
(321F) 0000  0000000000000000 ( 418)                 .FILL x0000
(3220) 0000  0000000000000000 ( 418)                 .FILL x0000
(3221) 0000  0000000000000000 ( 418)                 .FILL x0000
(3222) 0000  0000000000000000 ( 418)                 .FILL x0000
(3223) 0000  0000000000000000 ( 418)                 .FILL x0000
(3224) 0000  0000000000000000 ( 418)                 .FILL x0000
(3225) 0000  0000000000000000 ( 418)                 .FILL x0000
(3226) 0000  0000000000000000 ( 418)                 .FILL x0000
(3227) 0000  0000000000000000 ( 418)                 .FILL x0000
(3228) 0000  0000000000000000 ( 418)                 .FILL x0000
(3229) 0000  0000000000000000 ( 418)                 .FILL x0000
(322A) 0000  0000000000000000 ( 418)                 .FILL x0000
(322B) 0000  0000000000000000 ( 418)                 .FILL x0000
(322C) 0000  0000000000000000 ( 418)                 .FILL x0000
(322D) 0000  0000000000000000 ( 418)                 .FILL x0000
(322E) 0000  0000000000000000 ( 418)                 .FILL x0000
(322F) 0000  0000000000000000 ( 418)                 .FILL x0000
(3230) 0000  0000000000000000 ( 418)                 .FILL x0000
(3231) 0000  0000000000000000 ( 418)                 .FILL x0000
(3232) 0000  0000000000000000 ( 418)                 .FILL x0000
(3233) 0000  0000000000000000 ( 418)                 .FILL x0000
(3234) 0000  0000000000000000 ( 418)                 .FILL x0000
(3235) 0000  0000000000000000 ( 418)                 .FILL x0000
(3236) 0000  0000000000000000 ( 418)                 .FILL x0000
(3237) 0000  0000000000000000 ( 418)                 .FILL x0000
(3238) 0000  0000000000000000 ( 418)                 .FILL x0000
(3239) 0000  0000000000000000 ( 418)                 .FILL x0000
(323A) 0000  0000000000000000 ( 418)                 .FILL x0000
(323B) 0000  0000000000000000 ( 418)                 .FILL x0000
(323C) 0000  0000000000000000 ( 418)                 .FILL x0000
(323D) 0000  0000000000000000 ( 418)                 .FILL x0000
(323E) 0000  0000000000000000 ( 418)                 .FILL x0000
(323F) 0000  0000000000000000 ( 418)                 .FILL x0000
(3240) 0000  0000000000000000 ( 418)                 .FILL x0000
(3241) 0000  0000000000000000 ( 418)                 .FILL x0000
(3242) 0000  0000000000000000 ( 418)                 .FILL x0000
(3243) 0000  0000000000000000 ( 418)                 .FILL x0000
(3244) 0000  0000000000000000 ( 418)                 .FILL x0000
(3245) 0000  0000000000000000 ( 418)                 .FILL x0000
(3246) 0000  0000000000000000 ( 418)                 .FILL x0000
(3247) 0000  0000000000000000 ( 418)                 .FILL x0000
(3248) 0000  0000000000000000 ( 418)                 .FILL x0000
(3249) 0000  0000000000000000 ( 418)                 .FILL x0000
(324A) 0000  0000000000000000 ( 418)                 .FILL x0000
(324B) 0000  0000000000000000 ( 418)                 .FILL x0000
(324C) 0000  0000000000000000 ( 418)                 .FILL x0000
(324D) 0000  0000000000000000 ( 418)                 .FILL x0000
(324E) 0000  0000000000000000 ( 418)                 .FILL x0000
(324F) 0000  0000000000000000 ( 418)                 .FILL x0000
(3250) 0000  0000000000000000 ( 418)                 .FILL x0000
(3251) 0000  0000000000000000 ( 418)                 .FILL x0000
(3252) 0000  0000000000000000 ( 418)                 .FILL x0000
(3253) 0000  0000000000000000 ( 418)                 .FILL x0000
(3254) 0000  0000000000000000 ( 418)                 .FILL x0000
(3255) 0000  0000000000000000 ( 418)                 .FILL x0000
(3256) 0000  0000000000000000 ( 418)                 .FILL x0000
(3257) 0000  0000000000000000 ( 418)                 .FILL x0000
(3258) 0000  0000000000000000 ( 418)                 .FILL x0000
(3259) 0000  0000000000000000 ( 418)                 .FILL x0000
(325A) 0000  0000000000000000 ( 418)                 .FILL x0000
(325B) 0000  0000000000000000 ( 418)                 .FILL x0000
(325C) 0000  0000000000000000 ( 418)                 .FILL x0000
(325D) 0000  0000000000000000 ( 418)                 .FILL x0000
(325E) 0000  0000000000000000 ( 418)                 .FILL x0000
(325F) 0000  0000000000000000 ( 418)                 .FILL x0000
(3260) 0000  0000000000000000 ( 418)                 .FILL x0000
(3261) 0000  0000000000000000 ( 418)                 .FILL x0000
(3262) 0000  0000000000000000 ( 418)                 .FILL x0000
(3263) 0000  0000000000000000 ( 418)                 .FILL x0000
(3264) 0000  0000000000000000 ( 418)                 .FILL x0000
(3265) 0000  0000000000000000 ( 418)                 .FILL x0000
(3266) 0000  0000000000000000 ( 418)                 .FILL x0000
(3267) 0000  0000000000000000 ( 418)                 .FILL x0000
(3268) 0000  0000000000000000 ( 418)                 .FILL x0000
(3269) 0000  0000000000000000 ( 418)                 .FILL x0000
(326A) 0000  0000000000000000 ( 418)                 .FILL x0000
(326B) 0000  0000000000000000 ( 418)                 .FILL x0000
(326C) 0000  0000000000000000 ( 418)                 .FILL x0000
(326D) 0000  0000000000000000 ( 418)                 .FILL x0000
(326E) 0000  0000000000000000 ( 418)                 .FILL x0000
(326F) 0000  0000000000000000 ( 418)                 .FILL x0000
(3270) 0000  0000000000000000 ( 418)                 .FILL x0000
(3271) 0000  0000000000000000 ( 418)                 .FILL x0000
(3272) 0000  0000000000000000 ( 418)                 .FILL x0000
(3273) 0000  0000000000000000 ( 418)                 .FILL x0000
(3274) 0000  0000000000000000 ( 418)                 .FILL x0000
(3275) 0000  0000000000000000 ( 418)                 .FILL x0000
(3276) 0000  0000000000000000 ( 418)                 .FILL x0000
(3277) 0000  0000000000000000 ( 418)                 .FILL x0000
(3278) 0000  0000000000000000 ( 418)                 .FILL x0000
(3279) 0000  0000000000000000 ( 418)                 .FILL x0000
(327A) 0000  0000000000000000 ( 418)                 .FILL x0000
(327B) 0000  0000000000000000 ( 418)                 .FILL x0000
(327C) 0000  0000000000000000 ( 418)                 .FILL x0000
(327D) 0000  0000000000000000 ( 418)                 .FILL x0000
(327E) 0000  0000000000000000 ( 418)                 .FILL x0000
(327F) 0000  0000000000000000 ( 418)                 .FILL x0000
(3280) 0000  0000000000000000 ( 418)                 .FILL x0000
(3281) 0000  0000000000000000 ( 418)                 .FILL x0000
(3282) 0000  0000000000000000 ( 418)                 .FILL x0000
(3283) 0000  0000000000000000 ( 418)                 .FILL x0000
(3284) 0000  0000000000000000 ( 418)                 .FILL x0000
(3285) 0000  0000000000000000 ( 418)                 .FILL x0000
(3286) 0000  0000000000000000 ( 418)                 .FILL x0000
(3287) 0000  0000000000000000 ( 418)                 .FILL x0000
(3288) 0000  0000000000000000 ( 418)                 .FILL x0000
(3289) 0000  0000000000000000 ( 418)                 .FILL x0000
(328A) 0000  0000000000000000 ( 418)                 .FILL x0000
(328B) 0000  0000000000000000 ( 418)                 .FILL x0000
(328C) 0000  0000000000000000 ( 418)                 .FILL x0000
(328D) 0000  0000000000000000 ( 418)                 .FILL x0000
(328E) 0000  0000000000000000 ( 418)                 .FILL x0000
(328F) 0000  0000000000000000 ( 418)                 .FILL x0000
(3290) 0000  0000000000000000 ( 418)                 .FILL x0000
(3291) 0000  0000000000000000 ( 418)                 .FILL x0000
(3292) 0000  0000000000000000 ( 418)                 .FILL x0000
(3293) 0000  0000000000000000 ( 418)                 .FILL x0000
(3294) 0000  0000000000000000 ( 418)                 .FILL x0000
(3295) 0000  0000000000000000 ( 418)                 .FILL x0000
(3296) 0000  0000000000000000 ( 418)                 .FILL x0000
(3297) 0000  0000000000000000 ( 418)                 .FILL x0000
(3298) 0000  0000000000000000 ( 418)                 .FILL x0000
(3299) 0000  0000000000000000 ( 418)                 .FILL x0000
(329A) 0000  0000000000000000 ( 418)                 .FILL x0000
(329B) 0000  0000000000000000 ( 418)                 .FILL x0000
(329C) 0000  0000000000000000 ( 418)                 .FILL x0000
(329D) 0000  0000000000000000 ( 418)                 .FILL x0000
(329E) 0000  0000000000000000 ( 418)                 .FILL x0000
(329F) 0000  0000000000000000 ( 418)                 .FILL x0000
(32A0) 0000  0000000000000000 ( 418)                 .FILL x0000
(32A1) 0000  0000000000000000 ( 418)                 .FILL x0000
(32A2) 0000  0000000000000000 ( 418)                 .FILL x0000
(32A3) 0000  0000000000000000 ( 418)                 .FILL x0000
(32A4) 0000  0000000000000000 ( 418)                 .FILL x0000
(32A5) 0000  0000000000000000 ( 418)                 .FILL x0000
(32A6) 0000  0000000000000000 ( 418)                 .FILL x0000
(32A7) 0000  0000000000000000 ( 418)                 .FILL x0000
(32A8) 0000  0000000000000000 ( 418)                 .FILL x0000
(32A9) 0000  0000000000000000 ( 418)                 .FILL x0000
(32AA) 0000  0000000000000000 ( 418)                 .FILL x0000
(32AB) 0000  0000000000000000 ( 418)                 .FILL x0000
(32AC) 0000  0000000000000000 ( 418)                 .FILL x0000
(32AD) 0000  0000000000000000 ( 418)                 .FILL x0000
(32AE) 0000  0000000000000000 ( 418)                 .FILL x0000
(32AF) 0000  0000000000000000 ( 418)                 .FILL x0000
(32B0) 0000  0000000000000000 ( 418)                 .FILL x0000
(32B1) 0000  0000000000000000 ( 418)                 .FILL x0000
(32B2) 0000  0000000000000000 ( 418)                 .FILL x0000
(32B3) 0000  0000000000000000 ( 418)                 .FILL x0000
(32B4) 0000  0000000000000000 ( 418)                 .FILL x0000
(32B5) 0000  0000000000000000 ( 418)                 .FILL x0000
(32B6) 0000  0000000000000000 ( 418)                 .FILL x0000
(32B7) 0000  0000000000000000 ( 418)                 .FILL x0000
(32B8) 0000  0000000000000000 ( 418)                 .FILL x0000
(32B9) 0000  0000000000000000 ( 418)                 .FILL x0000
(32BA) 0000  0000000000000000 ( 418)                 .FILL x0000
(32BB) 0000  0000000000000000 ( 418)                 .FILL x0000
(32BC) 0000  0000000000000000 ( 418)                 .FILL x0000
(32BD) 0000  0000000000000000 ( 418)                 .FILL x0000
(32BE) 0000  0000000000000000 ( 418)                 .FILL x0000
(32BF) 0000  0000000000000000 ( 418)                 .FILL x0000
(32C0) 0000  0000000000000000 ( 418)                 .FILL x0000
(32C1) 0000  0000000000000000 ( 418)                 .FILL x0000
(32C2) 0000  0000000000000000 ( 418)                 .FILL x0000
(32C3) 0000  0000000000000000 ( 418)                 .FILL x0000
(32C4) 0000  0000000000000000 ( 418)                 .FILL x0000
(32C5) 0000  0000000000000000 ( 418)                 .FILL x0000
(32C6) 0000  0000000000000000 ( 418)                 .FILL x0000
(32C7) 0000  0000000000000000 ( 418)                 .FILL x0000
(32C8) 0000  0000000000000000 ( 418)                 .FILL x0000
(32C9) 0000  0000000000000000 ( 418)                 .FILL x0000
(32CA) 0000  0000000000000000 ( 418)                 .FILL x0000
(32CB) 0000  0000000000000000 ( 418)                 .FILL x0000
(32CC) 0000  0000000000000000 ( 418)                 .FILL x0000
(32CD) 0000  0000000000000000 ( 418)                 .FILL x0000
(32CE) 0000  0000000000000000 ( 418)                 .FILL x0000
(32CF) 0000  0000000000000000 ( 418)                 .FILL x0000
(32D0) 0000  0000000000000000 ( 418)                 .FILL x0000
(32D1) 0000  0000000000000000 ( 418)                 .FILL x0000
(32D2) 0000  0000000000000000 ( 418)                 .FILL x0000
(32D3) 0000  0000000000000000 ( 418)                 .FILL x0000
(32D4) 0000  0000000000000000 ( 418)                 .FILL x0000
(32D5) 0000  0000000000000000 ( 418)                 .FILL x0000
(32D6) 0000  0000000000000000 ( 418)                 .FILL x0000
(32D7) 0000  0000000000000000 ( 418)                 .FILL x0000
(32D8) 0000  0000000000000000 ( 418)                 .FILL x0000
(32D9) 0000  0000000000000000 ( 418)                 .FILL x0000
(32DA) 0000  0000000000000000 ( 418)                 .FILL x0000
(32DB) 0000  0000000000000000 ( 418)                 .FILL x0000
(32DC) 0000  0000000000000000 ( 418)                 .FILL x0000
(32DD) 0000  0000000000000000 ( 418)                 .FILL x0000
(32DE) 0000  0000000000000000 ( 418)                 .FILL x0000
(32DF) 0000  0000000000000000 ( 418)                 .FILL x0000
(32E0) 0000  0000000000000000 ( 418)                 .FILL x0000
(32E1) 0000  0000000000000000 ( 418)                 .FILL x0000
(32E2) 0000  0000000000000000 ( 418)                 .FILL x0000
(32E3) 0000  0000000000000000 ( 418)                 .FILL x0000
(32E4) 0000  0000000000000000 ( 418)                 .FILL x0000
(32E5) 0000  0000000000000000 ( 418)                 .FILL x0000
(32E6) 0000  0000000000000000 ( 418)                 .FILL x0000
(32E7) 0000  0000000000000000 ( 418)                 .FILL x0000
(32E8) 0000  0000000000000000 ( 418)                 .FILL x0000
(32E9) 0000  0000000000000000 ( 418)                 .FILL x0000
(32EA) 0000  0000000000000000 ( 418)                 .FILL x0000
(32EB) 0000  0000000000000000 ( 418)                 .FILL x0000
(32EC) 0000  0000000000000000 ( 418)                 .FILL x0000
(32ED) 0000  0000000000000000 ( 418)                 .FILL x0000
(32EE) 0000  0000000000000000 ( 418)                 .FILL x0000
(32EF) 0000  0000000000000000 ( 418)                 .FILL x0000
(32F0) 0000  0000000000000000 ( 418)                 .FILL x0000
(32F1) 0000  0000000000000000 ( 418)                 .FILL x0000
(32F2) 0000  0000000000000000 ( 418)                 .FILL x0000
(32F3) 0000  0000000000000000 ( 418)                 .FILL x0000
(32F4) 0000  0000000000000000 ( 418)                 .FILL x0000
(32F5) 0000  0000000000000000 ( 418)                 .FILL x0000
(32F6) 0000  0000000000000000 ( 418)                 .FILL x0000
(32F7) 0000  0000000000000000 ( 418)                 .FILL x0000
(32F8) 0000  0000000000000000 ( 418)                 .FILL x0000
(32F9) 0000  0000000000000000 ( 418)                 .FILL x0000
(32FA) 0000  0000000000000000 ( 418)                 .FILL x0000
(32FB) 0000  0000000000000000 ( 418)                 .FILL x0000
(32FC) 0000  0000000000000000 ( 418)                 .FILL x0000
(32FD) 0000  0000000000000000 ( 418)                 .FILL x0000
(32FE) 0000  0000000000000000 ( 418)                 .FILL x0000
(32FF) 0000  0000000000000000 ( 418)                 .FILL x0000
(3300) 0000  0000000000000000 ( 418)                 .FILL x0000
(3301) 0000  0000000000000000 ( 418)                 .FILL x0000
(3302) 0000  0000000000000000 ( 418)                 .FILL x0000
(3303) 0000  0000000000000000 ( 418)                 .FILL x0000
(3304) 0000  0000000000000000 ( 418)                 .FILL x0000
(3305) 0000  0000000000000000 ( 418)                 .FILL x0000
(3306) 0000  0000000000000000 ( 418)                 .FILL x0000
(3307) 0000  0000000000000000 ( 418)                 .FILL x0000
(3308) 0000  0000000000000000 ( 418)                 .FILL x0000
(3309) 0000  0000000000000000 ( 418)                 .FILL x0000
(330A) 0000  0000000000000000 ( 418)                 .FILL x0000
(330B) 0000  0000000000000000 ( 418)                 .FILL x0000
(330C) 0000  0000000000000000 ( 418)                 .FILL x0000
(330D) 0000  0000000000000000 ( 418)                 .FILL x0000
(330E) 0000  0000000000000000 ( 418)                 .FILL x0000
(330F) 0000  0000000000000000 ( 418)                 .FILL x0000
(3310) 0000  0000000000000000 ( 418)                 .FILL x0000
(3311) 0000  0000000000000000 ( 418)                 .FILL x0000
(3312) 0000  0000000000000000 ( 418)                 .FILL x0000
(3313) 0000  0000000000000000 ( 418)                 .FILL x0000
(3314) 0000  0000000000000000 ( 418)                 .FILL x0000
(3315) 0000  0000000000000000 ( 418)                 .FILL x0000
(3316) 0000  0000000000000000 ( 418)                 .FILL x0000
(3317) 0000  0000000000000000 ( 418)                 .FILL x0000
(3318) 0000  0000000000000000 ( 418)                 .FILL x0000
(3319) 0000  0000000000000000 ( 418)                 .FILL x0000
(331A) 0000  0000000000000000 ( 418)                 .FILL x0000
(331B) 0000  0000000000000000 ( 418)                 .FILL x0000
(331C) 0000  0000000000000000 ( 418)                 .FILL x0000
(331D) 0000  0000000000000000 ( 418)                 .FILL x0000
(331E) 0000  0000000000000000 ( 418)                 .FILL x0000
(331F) 0000  0000000000000000 ( 418)                 .FILL x0000
(3320) 0000  0000000000000000 ( 418)                 .FILL x0000
(3321) 0000  0000000000000000 ( 418)                 .FILL x0000
(3322) 0000  0000000000000000 ( 418)                 .FILL x0000
(3323) 0000  0000000000000000 ( 418)                 .FILL x0000
(3324) 0000  0000000000000000 ( 418)                 .FILL x0000
(3325) 0000  0000000000000000 ( 418)                 .FILL x0000
(3326) 0000  0000000000000000 ( 418)                 .FILL x0000
(3327) 0000  0000000000000000 ( 418)                 .FILL x0000
(3328) 0000  0000000000000000 ( 418)                 .FILL x0000
(3329) 0000  0000000000000000 ( 418)                 .FILL x0000
(332A) 0000  0000000000000000 ( 418)                 .FILL x0000
(332B) 0000  0000000000000000 ( 418)                 .FILL x0000
(332C) 0000  0000000000000000 ( 418)                 .FILL x0000
